<?xml version="1.0" encoding="UTF-8"?>
<testsuite xmlns:xsi="http://www.w3.org/2001/XMLSchema-instance" xsi:noNamespaceSchemaLocation="https://maven.apache.org/surefire/maven-surefire-plugin/xsd/surefire-test-report-3.0.xsd" version="3.0" name="com.runner.TestRunner" time="42.88" tests="29" errors="0" skipped="0" failures="0">
  <properties>
[...]
</properties>
  <testcase name="the user is logged into the Super Admin Dashboard" classname="Invite a new school, onboard the school, and log in to the School Admin Dashboard." time="1.588">
    <system-out><![CDATA[
@SchoolOnboard
Scenario: Invite a new school, onboard the school, and log in to the School Admin Dashboard.  # src/test/resources/Features/TC2_SchoolAdminOnboard.feature:4
]]></system-out>
    <system-err><![CDATA[javax.net.ssl|DEBUG|10|main|2024-03-05 18:43:23.270 IST|SSLCipher.java:432|jdk.tls.keyLimits:  entry = AES/GCM/NoPadding KeyUpdate 2^37. AES/GCM/NOPADDING:KEYUPDATE = 137438953472
javax.net.ssl|DEBUG|10|main|2024-03-05 18:43:23.276 IST|SSLCipher.java:432|jdk.tls.keyLimits:  entry =  ChaCha20-Poly1305 KeyUpdate 2^37. CHACHA20-POLY1305:KEYUPDATE = 137438953472
Mar 05, 2024 6:43:24 PM org.openqa.selenium.devtools.CdpVersionFinder findNearestMatch
WARNING: Unable to find an exact match for CDP version 122, returning the closest version; found: 120; Please update to a Selenium version that supports CDP version 122
]]></system-err>
  </testcase>
  <testcase name="the user navigates to the &quot;Manage Schools&quot; page in the Super Admin Dashboard" classname="Invite a new school, onboard the school, and log in to the School Admin Dashboard." time="0.001">
    <system-out><![CDATA[  Given the user is logged into the Super Admin Dashboard                                     # com.stepdefinition.TC3_SchoolOnboardStep.theUserIsLoggedIntoTheSuperAdminDashboard()
]]></system-out>
  </testcase>
  <testcase name="the user generates a new School Profile invite from the Super Admin Dashboard" classname="Invite a new school, onboard the school, and log in to the School Admin Dashboard." time="0.002">
    <system-out><![CDATA[  When the user navigates to the "Manage Schools" page in the Super Admin Dashboard           # com.stepdefinition.TC3_SchoolOnboardStep.theUserNavigatesToThePageInTheSuperAdminDashboard(java.lang.String)
]]></system-out>
  </testcase>
  <testcase name="the user should verify the &quot;Success&quot; popup message in the Super Admin Dashboard." classname="Invite a new school, onboard the school, and log in to the School Admin Dashboard." time="0.001">
    <system-out><![CDATA[  And the user generates a new School Profile invite from the Super Admin Dashboard           # com.stepdefinition.TC3_SchoolOnboardStep.theUserGeneratesANewSchoolProfileInviteFromTheSuperAdminDashboard()
]]></system-out>
  </testcase>
  <testcase name="the user fetch &quot;username&quot; and &quot;password&quot; from Mailosaur portal" classname="Invite a new school, onboard the school, and log in to the School Admin Dashboard." time="0.002">
    <system-out><![CDATA[  Then the user should verify the "Success" popup message in the Super Admin Dashboard.       # com.stepdefinition.TC3_SchoolOnboardStep.theUserShouldVerifyThePopupMessageInTheSuperAdminDashboard(java.lang.String)
]]></system-out>
  </testcase>
  <testcase name="the user logs in to the School Admin Dashboard using the mailed credentials" classname="Invite a new school, onboard the school, and log in to the School Admin Dashboard." time="6.988">
    <system-out><![CDATA[  Then the user fetch "username" and "password" from Mailosaur portal                         # com.stepdefinition.TC3_SchoolOnboardStep.theUserFetchAndFromMailosaurPortal(java.lang.String,java.lang.String)
]]></system-out>
  </testcase>
  <testcase name="the user should verify the School Admin Mail-ID on the Onboard page." classname="Invite a new school, onboard the school, and log in to the School Admin Dashboard." time="0.002">
    <system-out><![CDATA[  And the user logs in to the School Admin Dashboard using the mailed credentials             # com.stepdefinition.TC3_SchoolOnboardStep.theUserLogsInToTheSchoolAdminDashboardUsingTheMailedCredentials()
]]></system-out>
  </testcase>
  <testcase name="the user onboards the school using the corresponding CSV file" classname="Invite a new school, onboard the school, and log in to the School Admin Dashboard." time="0.002">
    <system-out><![CDATA[  Then the user should verify the School Admin Mail-ID on the Onboard page.                   # com.stepdefinition.TC3_SchoolOnboardStep.theUserShouldVerifyTheSchoolAdminMailIDOnTheOnboardPage()
]]></system-out>
  </testcase>
  <testcase name="the user should verify the &quot;Successfully&quot; popup message in the School Admin Dashboard." classname="Invite a new school, onboard the school, and log in to the School Admin Dashboard." time="0.001">
    <system-out><![CDATA[  And the user onboards the school using the corresponding CSV file                           # com.stepdefinition.TC3_SchoolOnboardStep.theUserOnboardsTheSchoolUsingTheCorrespondingCSVFile()
]]></system-out>
  </testcase>
  <testcase name="the user is logged into the School Admin Dashboard" classname="Manage School Fees, Add-On Fees, Fee Discounts" time="0.001">
    <system-out><![CDATA[  Then the user should verify the "Successfully" popup message in the School Admin Dashboard. # com.stepdefinition.TC3_SchoolOnboardStep.theUserShouldVerifyThePopupMessageInTheSchoolAdminDashboard(java.lang.String)

@FeeManage
Scenario: Manage School Fees, Add-On Fees, Fee Discounts       # src/test/resources/Features/TC4_FeeManagement.feature:7
]]></system-out>
  </testcase>
  <testcase name="the user creates new School Fees" classname="Manage School Fees, Add-On Fees, Fee Discounts" time="2.857">
    <system-out><![CDATA[  Given the user is logged into the School Admin Dashboard     # com.stepdefinition.TC3_TimetableConfigurationStep.theUserIsLoggedIntoTheSchoolAdminDashboard()
Exam Fees
10000
Class 1th
4
25
Nov
2028
Exam Fees
10000
]]></system-out>
  </testcase>
  <testcase name="the user should see the created School Fees" classname="Manage School Fees, Add-On Fees, Fee Discounts" time="0.552">
    <system-out><![CDATA[  When the user creates new School Fees                        # com.stepdefinition.TC4_FeeManagementStep.theUserCreatesNewSchoolFees()
&amp#27;[38;5;118;1mMandatory fee created successfully&amp#27;[0m
]]></system-out>
  </testcase>
  <testcase name="the user publish the School fees" classname="Manage School Fees, Add-On Fees, Fee Discounts" time="1.017">
    <system-out><![CDATA[  Then the user should see the created School Fees             # com.stepdefinition.TC4_FeeManagementStep.theUserShouldSeeTheCreatedSchoolFees()
1
]]></system-out>
  </testcase>
  <testcase name="the user creates new Add-On Fees" classname="Manage School Fees, Add-On Fees, Fee Discounts" time="6.368">
    <system-out><![CDATA[  And the user publish the School fees                         # com.stepdefinition.TC4_FeeManagementStep.theUserPublishTheSchoolFees()
Yoga Fees
1000
25
Nov
2028
Handling Exception - Attempt 1
]]></system-out>
  </testcase>
  <testcase name="the user should see the created Add-On Fees" classname="Manage School Fees, Add-On Fees, Fee Discounts" time="0.997">
    <system-out><![CDATA[  When the user creates new Add-On Fees                        # com.stepdefinition.TC4_FeeManagementStep.theUserCreatesNewAddOnFees()
&amp#27;[38;5;118;1mAddon fee created successfully&amp#27;[0m
]]></system-out>
  </testcase>
  <testcase name="the user creates new Fee Discount" classname="Manage School Fees, Add-On Fees, Fee Discounts" time="3.99">
    <system-out><![CDATA[  Then the user should see the created Add-On Fees             # com.stepdefinition.TC4_FeeManagementStep.theUserShouldSeeTheCreatedAddOnFees()
Special Discount
10
2500
25
Nov
2028
]]></system-out>
  </testcase>
  <testcase name="the user should see the created Fee Discount" classname="Manage School Fees, Add-On Fees, Fee Discounts" time="1.038">
    <system-out><![CDATA[  When the user creates new Fee Discount                       # com.stepdefinition.TC4_FeeManagementStep.theUserCreatesNewFeeDiscount()
&amp#27;[38;5;118;1mDiscount added successfully&amp#27;[0m
]]></system-out>
  </testcase>
  <testcase name="the user updates the School Fees" classname="Manage School Fees, Add-On Fees, Fee Discounts" time="1.828">
    <system-out><![CDATA[  Then the user should see the created Fee Discount            # com.stepdefinition.TC4_FeeManagementStep.theUserShouldSeeTheCreatedFeeDiscount()
10
Exam Fees 1
10001
15
Jan
2028
Exam Fees 1
10001
]]></system-out>
  </testcase>
  <testcase name="the user should see the updated School Fees" classname="Manage School Fees, Add-On Fees, Fee Discounts" time="1.722">
    <system-out><![CDATA[  When the user updates the School Fees                        # com.stepdefinition.TC4_FeeManagementStep.theUserUpdatesTheSchoolFees()
&amp#27;[38;5;118;1mFee Updated Successfully&amp#27;[0m
]]></system-out>
  </testcase>
  <testcase name="the user updates the Add-On Fees" classname="Manage School Fees, Add-On Fees, Fee Discounts" time="0.002">
    <system-out><![CDATA[  Then the user should see the updated School Fees             # com.stepdefinition.TC4_FeeManagementStep.theUserShouldSeeTheUpdatedSchoolFees()
]]></system-out>
  </testcase>
  <testcase name="the user should see the updated Add-On Fees" classname="Manage School Fees, Add-On Fees, Fee Discounts" time="0.002">
    <system-out><![CDATA[  When the user updates the Add-On Fees                        # com.stepdefinition.TC4_FeeManagementStep.theUserUpdatesTheAddOnFees()
]]></system-out>
  </testcase>
  <testcase name="the user updates the Fee Discount" classname="Manage School Fees, Add-On Fees, Fee Discounts" time="0.001">
    <system-out><![CDATA[  Then the user should see the updated Add-On Fees             # com.stepdefinition.TC4_FeeManagementStep.theUserShouldSeeTheUpdatedAddOnFees()
]]></system-out>
  </testcase>
  <testcase name="the user should see the updated Fee Discount" classname="Manage School Fees, Add-On Fees, Fee Discounts" time="0.001">
    <system-out><![CDATA[  When the user updates the Fee Discount                       # com.stepdefinition.TC4_FeeManagementStep.theUserUpdatesTheFeeDiscount()
]]></system-out>
  </testcase>
  <testcase name="the user deletes the Fee Discount" classname="Manage School Fees, Add-On Fees, Fee Discounts" time="2.556">
    <system-out><![CDATA[  Then the user should see the updated Fee Discount            # com.stepdefinition.TC4_FeeManagementStep.theUserShouldSeeTheUpdatedFeeDiscount()
]]></system-out>
  </testcase>
  <testcase name="the user should verify that the Fee Discount is deleted" classname="Manage School Fees, Add-On Fees, Fee Discounts" time="1.245">
    <system-out><![CDATA[  When the user deletes the Fee Discount                       # com.stepdefinition.TC4_FeeManagementStep.theUserDeletesTheFeeDiscount()
&amp#27;[38;5;118;1mFee discount deleted successfully&amp#27;[0m
]]></system-out>
  </testcase>
  <testcase name="the user deletes the Add-On Fees" classname="Manage School Fees, Add-On Fees, Fee Discounts" time="1.776">
    <system-out><![CDATA[  Then the user should verify that the Fee Discount is deleted # com.stepdefinition.TC4_FeeManagementStep.theUserShouldVerifyThatTheFeeDiscountIsDeleted()
]]></system-out>
  </testcase>
  <testcase name="the user should verify that the Add-On Fee is deleted" classname="Manage School Fees, Add-On Fees, Fee Discounts" time="1.298">
    <system-out><![CDATA[  When the user deletes the Add-On Fees                        # com.stepdefinition.TC4_FeeManagementStep.theUserDeletesTheAddOnFees()
&amp#27;[38;5;118;1mAdd on fee deleted successfully&amp#27;[0m
]]></system-out>
  </testcase>
  <testcase name="the user deletes the School Fees" classname="Manage School Fees, Add-On Fees, Fee Discounts" time="1.275">
    <system-out><![CDATA[  Then the user should verify that the Add-On Fee is deleted   # com.stepdefinition.TC4_FeeManagementStep.theUserShouldVerifyThatTheAddOnFeeIsDeleted()
]]></system-out>
  </testcase>
  <testcase name="the user should verify that the School Fees are deleted" classname="Manage School Fees, Add-On Fees, Fee Discounts" time="0.544">
    <system-out><![CDATA[  When the user deletes the School Fees                        # com.stepdefinition.TC4_FeeManagementStep.theUserDeletesTheSchoolFees()
&amp#27;[38;5;118;1mFee deleted successfully&amp#27;[0m
]]></system-out>
  </testcase>
</testsuite>